<?xml version="1.0" encoding="UTF-8"?>
<!-- Generated by org.testng.reporters.JUnitReportReporter -->
<testsuite hostname="ashok" failures="0" tests="2" name="org.testngtask.NewTask4" time="0.018" errors="0" timestamp="2023-10-28T09:50:06 GST" skipped="0">
  <testcase classname="org.testngtask.NewTask4" name="a3" time="0.002"/>
  <testcase classname="org.testngtask.NewTask4" name="a1" time="0.016"/>
</testsuite> <!-- org.testngtask.NewTask4 -->
