<?xml version="1.0" encoding="UTF-8"?>
<!-- Generated by org.testng.reporters.JUnitReportReporter -->
<testsuite hostname="ashok" name="org.maventask.TestNgTask1" tests="1" failures="0" timestamp="14 Oct 2023 02:36:55 GMT" time="0.009" errors="0">
  <testcase name="m5" time="0.009" classname="org.maventask.TestNgTask1"/>
</testsuite> <!-- org.maventask.TestNgTask1 -->
