<?xml version="1.0" encoding="UTF-8"?>
<!-- Generated by org.testng.reporters.JUnitReportReporter -->
<testsuite hostname="ashok" failures="0" tests="1" name="org.testngtask.NewTask3" time="0.012" errors="0" timestamp="2023-10-28T09:49:59 GST" skipped="0">
  <testcase classname="org.testngtask.NewTask3" name="m1" time="0.012"/>
</testsuite> <!-- org.testngtask.NewTask3 -->
