<?xml version="1.0" encoding="UTF-8"?>
<!-- Generated by org.testng.reporters.JUnitReportReporter -->
<testsuite hostname="ashok" name="org.maventask.TestngTask2" tests="5" failures="0" timestamp="13 Oct 2023 17:56:53 GMT" time="0.011" errors="0">
  <testcase name="me1" time="0.001" classname="org.maventask.TestngTask2"/>
  <testcase name="me2" time="0.002" classname="org.maventask.TestngTask2"/>
  <testcase name="me1" time="0.004" classname="org.maventask.TestngTask2"/>
  <testcase name="me3" time="0.002" classname="org.maventask.TestngTask2"/>
  <testcase name="me1" time="0.002" classname="org.maventask.TestngTask2"/>
</testsuite> <!-- org.maventask.TestngTask2 -->
